Arguments: 
  /usr/bin/node /usr/bin/yarn install

PATH: 
  /home/hi/bin:/usr/local/sbin:/usr/local/bin:/usr/sbin:/usr/bin:/sbin:/bin:/usr/games:/usr/local/games:/snap/bin

Yarn version: 
  1.22.19

Node version: 
  16.20.2

Platform: 
  linux x64

Trace: 
  SyntaxError: /home/hi/Documents/GitHub/checkout_sdk/package.json: Unexpected token / in JSON at position 93
      at JSON.parse (<anonymous>)
      at /usr/lib/node_modules/yarn/lib/cli.js:1629:59
      at Generator.next (<anonymous>)
      at step (/usr/lib/node_modules/yarn/lib/cli.js:310:30)
      at /usr/lib/node_modules/yarn/lib/cli.js:321:13

npm manifest: 
  {
    "name": "pop-checkout",
    "version": "0.1.0",
    "private": true,
    "dependencies": {
      // "@adyen/adyen-web": "^5.5.0",
      "@craco/craco": "^6.1.2",
      "@fortawesome/fontawesome-svg-core": "^6.4.0",
      "@fortawesome/free-solid-svg-icons": "^6.4.0",
      "@fortawesome/react-fontawesome": "^0.2.0",
      "@headlessui/react": "^1.4.1",
      "@heroicons/react": "^1.0.1",
      "@hookform/error-message": "^2.0.1",
      "@hookform/resolvers": "^3.2.0",
      "@reduxjs/toolkit": "^1.5.1",
      "@stripe/react-stripe-js": "^1.4.1",
      "@stripe/stripe-js": "^1.17.1",
      "@tailwindcss/forms": "^0.3.2",
      "@testing-library/jest-dom": "^5.11.4",
      "@testing-library/react": "^11.1.0",
      "@testing-library/user-event": "^12.1.10",
      "@types/jest": "^26.0.15",
      "@types/node": "^12.0.0",
      "@types/payment": "^2.1.3",
      "@types/react": "^17.0.0",
      "@types/react-credit-cards": "^0.8.0",
      "@types/react-dom": "^17.0.0",
      "@types/react-router-dom": "^5.1.7",
      "add": "^2.0.6",
      "autoprefixer": "^9",
      "axios": "^0.21.1",
      "bowser": "^2.11.0",
      "classnames": "^2.3.1",
      "cloudwatch-front-logger": "^1.0.0",
      "country-list": "^2.3.0",
      "currency-symbol-map": "^5.0.1",
      "payment": "^2.4.3",
      "postcss": "^7",
      "react": "^17.0.2",
      "react-app-polyfill": "^2.0.0",
      "react-country-region-selector": "^3.6.1",
      "react-credit-cards": "^0.8.3",
      "react-dom": "^17.0.2",
      "react-hook-form": "^7.45.2",
      "react-loading-skeleton": "^3.3.1",
      "react-paypal-button-v2": "^2.6.3",
      "react-phone-number-input": "^3.3.0",
      "react-redux": "^7.2.4",
      "react-router": "^5.2.0",
      "react-router-dom": "^5.2.0",
      "react-scripts": "4.0.3",
      "react-select": "^5.7.4",
      "react-use-websocket": "^2.8.0",
      "tailwindcss": "npm:@tailwindcss/postcss7-compat",
      "uuid": "^8.3.2",
      "web-vitals": "^1.0.1",
      "yarn": "^1.22.19",
      "zod": "^3.21.4"
    },
    "scripts": {
      "start": "PORT=3005 craco start",
      "build": "craco build",
      "test": "craco test",
      "eject": "react-scripts eject",
      "format": "prettier --no-error-on-unmatched-pattern --write \"src/**/*.{js,jsx,ts,tsx}\"",
      "lint": "eslint --max-warnings 0 --no-error-on-unmatched-pattern \"src/**/*.{js,jsx,ts,tsx}\"",
      "lint-fix": "eslint --fix --no-error-on-unmatched-pattern \"src/**/*.{js,jsx,ts,tsx}\""
    },
    "eslintConfig": {
      "extends": [
        "react-app",
        "react-app/jest"
      ]
    },
    "browserslist": [
      ">0.2%",
      "not dead",
      "not op_mini all"
    ],
    "devDependencies": {
      "@types/uuid": "^8.3.0",
      "@typescript-eslint/eslint-plugin": "^4.22.1",
      "@typescript-eslint/parser": "^4.22.1",
      "eslint": "^7.26.0",
      "eslint-config-airbnb": "^18.2.1",
      "eslint-config-airbnb-typescript": "^12.3.1",
      "eslint-config-prettier": "^8.3.0",
      "eslint-plugin-import": "^2.22.1",
      "eslint-plugin-jsx-a11y": "^6.4.1",
      "eslint-plugin-prettier": "^3.4.0",
      "eslint-plugin-react": "^7.23.2",
      "eslint-plugin-react-hooks": "^4.2.0",
      "pre-commit": "^1.2.2",
      "prettier": "^2.3.0",
      "typescript": "^4.2.4"
    },
    "pre-commit": [
      "lint"
    ]
  }

yarn manifest: 
  No manifest

Lockfile: 
  No lockfile
